{
  "RSpec": {
    "coverage": {
      "/Users/theodorestaros/turing/mod3/projects/sweater_weather/app/facades/activity_facade.rb": {
        "lines": [
          1,
          1,
          1,
          null,
          1,
          1,
          null,
          null,
          null
        ]
      },
      "/Users/theodorestaros/turing/mod3/projects/sweater_weather/spec/facades/background_facade_spec.rb": {
        "lines": [
          1,
          null,
          1,
          1,
          1,
          1,
          null,
          1,
          null,
          null
        ]
      },
      "/Users/theodorestaros/turing/mod3/projects/sweater_weather/app/facades/background_facade.rb": {
        "lines": [
          1,
          1,
          1,
          1,
          1,
          null,
          null,
          null
        ]
      },
      "/Users/theodorestaros/turing/mod3/projects/sweater_weather/spec/facades/forecast_facade_spec.rb": {
        "lines": [
          1,
          null,
          1,
          1,
          4,
          null,
          null,
          1,
          1,
          1,
          null,
          null,
          1,
          1,
          1,
          null,
          null,
          1,
          1,
          1,
          48,
          null,
          null,
          null,
          1,
          1,
          1,
          8,
          null,
          null,
          null
        ]
      },
      "/Users/theodorestaros/turing/mod3/projects/sweater_weather/app/facades/forecast_facade.rb": {
        "lines": [
          1,
          1,
          4,
          4,
          4,
          null,
          4,
          null,
          null,
          null,
          1,
          1,
          null,
          null,
          1,
          1,
          48,
          null,
          null,
          null,
          1,
          1,
          8,
          null,
          null,
          null
        ]
      },
      "/Users/theodorestaros/turing/mod3/projects/sweater_weather/app/services/activity_service.rb": {
        "lines": [
          1,
          1,
          1,
          1,
          null,
          1,
          null,
          null
        ]
      },
      "/Users/theodorestaros/turing/mod3/projects/sweater_weather/app/services/base_service.rb": {
        "lines": [
          1,
          1,
          10,
          null,
          null,
          1,
          10,
          null,
          null
        ]
      },
      "/Users/theodorestaros/turing/mod3/projects/sweater_weather/app/poros/activity.rb": {
        "lines": [
          1,
          null,
          1,
          1,
          1,
          0,
          0,
          0,
          null,
          null
        ]
      },
      "/Users/theodorestaros/turing/mod3/projects/sweater_weather/app/services/background_service.rb": {
        "lines": [
          1,
          1,
          1,
          1,
          1,
          1,
          null,
          1,
          null,
          null
        ]
      },
      "/Users/theodorestaros/turing/mod3/projects/sweater_weather/app/poros/background.rb": {
        "lines": [
          1,
          1,
          1,
          1,
          1,
          1,
          1,
          1,
          1,
          null,
          null
        ]
      },
      "/Users/theodorestaros/turing/mod3/projects/sweater_weather/app/services/map_quest_service.rb": {
        "lines": [
          1,
          1,
          4,
          4,
          4,
          null,
          4,
          null,
          null
        ]
      },
      "/Users/theodorestaros/turing/mod3/projects/sweater_weather/app/services/forecast_service.rb": {
        "lines": [
          1,
          1,
          4,
          4,
          4,
          4,
          4,
          4,
          4,
          4,
          4,
          null,
          4,
          null,
          null
        ]
      },
      "/Users/theodorestaros/turing/mod3/projects/sweater_weather/app/poros/current_weather.rb": {
        "lines": [
          1,
          null,
          1,
          1,
          null,
          1,
          1,
          1,
          1,
          1,
          1,
          1,
          1,
          1,
          1,
          1,
          null,
          null
        ]
      },
      "/Users/theodorestaros/turing/mod3/projects/sweater_weather/app/poros/hourly_weather.rb": {
        "lines": [
          1,
          1,
          null,
          1,
          1,
          null,
          1,
          48,
          48,
          48,
          48,
          null,
          null
        ]
      },
      "/Users/theodorestaros/turing/mod3/projects/sweater_weather/app/poros/daily_weather.rb": {
        "lines": [
          1,
          1,
          null,
          1,
          1,
          null,
          1,
          8,
          8,
          8,
          8,
          8,
          8,
          8,
          null,
          null
        ]
      }
    },
    "timestamp": 1642484866
  }
}
