{
  "RSpec": {
    "coverage": {
      "/Users/theodorestaros/turing/mod3/projects/sweater_weather/app/facades/forecast_facade.rb": {
        "lines": [
          1,
          1,
          1,
          1,
          1,
          null,
          1,
          null,
          1,
          1,
          0,
          null,
          0,
          0,
          null,
          null,
          0,
          0,
          null,
          null,
          0,
          0,
          0,
          0,
          0,
          null,
          null
        ]
      },
      "/Users/theodorestaros/turing/mod3/projects/sweater_weather/spec/poros/current_weather_spec.rb": {
        "lines": [
          1,
          null,
          1,
          1,
          null,
          null,
          1,
          null,
          null,
          null,
          null,
          null,
          null,
          null,
          1,
          null,
          1,
          1,
          1,
          null,
          null
        ]
      },
      "/Users/theodorestaros/turing/mod3/projects/sweater_weather/app/poros/current_weather.rb": {
        "lines": [
          1,
          1,
          null,
          1,
          2,
          1,
          1,
          null,
          null
        ]
      },
      "/Users/theodorestaros/turing/mod3/projects/sweater_weather/spec/services/forecast_service_spec.rb": {
        "lines": [
          1,
          null,
          1,
          1,
          null,
          1,
          null,
          1,
          1,
          1,
          1,
          1,
          1,
          1,
          1,
          1,
          1,
          1,
          1,
          1,
          1,
          null,
          1,
          1,
          1,
          1,
          1,
          1,
          1,
          1,
          1,
          1,
          1,
          null,
          1,
          1,
          1,
          1,
          1,
          1,
          1,
          null,
          null
        ]
      },
      "/Users/theodorestaros/turing/mod3/projects/sweater_weather/app/services/forecast_service.rb": {
        "lines": [
          1,
          1,
          2,
          2,
          2,
          2,
          2,
          2,
          2,
          2,
          2,
          null,
          2,
          null,
          null
        ]
      },
      "/Users/theodorestaros/turing/mod3/projects/sweater_weather/app/services/base_service.rb": {
        "lines": [
          1,
          1,
          4,
          null,
          null,
          1,
          4,
          null,
          null
        ]
      },
      "/Users/theodorestaros/turing/mod3/projects/sweater_weather/spec/services/map_quest_service_spec.rb": {
        "lines": [
          1,
          null,
          1,
          1,
          1,
          null,
          1,
          1,
          1,
          1,
          1,
          1,
          1,
          1,
          1,
          1,
          1,
          null,
          null
        ]
      },
      "/Users/theodorestaros/turing/mod3/projects/sweater_weather/app/services/map_quest_service.rb": {
        "lines": [
          1,
          1,
          2,
          2,
          2,
          null,
          2,
          null,
          null
        ]
      }
    },
    "timestamp": 1642298657
  }
}
